<?xml version="1.0" encoding="UTF-8"?>
<!-- Generated by org.testng.reporters.JUnitReportReporter -->
<testsuite hostname="Mck3nz1e-PC" failures="0" tests="1" name="tests.WebAppTests" time="11.976" errors="0" timestamp="2020-06-24T23:25:39 BST" skipped="0">
  <testcase classname="tests.WebAppTests" name="happyPath" time="11.976"/>
  <system-out/>
</testsuite> <!-- tests.WebAppTests -->
